<?xml version="1.0" encoding="UTF-8"?>
<coverage generated="1666050290509" clover="3.2.0">
  <project timestamp="1666050290509" name="All files">
    <metrics statements="149" coveredstatements="123" conditionals="92" coveredconditionals="68" methods="39" coveredmethods="36" elements="280" coveredelements="227" complexity="0" loc="149" ncloc="149" packages="7" files="10" classes="10"/>
    <package name="Sprint3.Stubs">
      <metrics statements="52" coveredstatements="40" conditionals="20" coveredconditionals="13" methods="17" coveredmethods="14"/>
      <file name="Document.js" path="/Users/tiisetso/Documents/2022/School/Second Semester/COMS3011A - SDP/Software-Organizer/src/tests/Sprint3/Stubs/Document.js">
        <metrics statements="16" coveredstatements="8" conditionals="6" coveredconditionals="4" methods="4" coveredmethods="1"/>
        <line num="7" count="1" type="stmt"/>
        <line num="8" count="2" type="cond" truecount="2" falsecount="0"/>
        <line num="9" count="1" type="cond" truecount="1" falsecount="1"/>
        <line num="10" count="0" type="stmt"/>
        <line num="12" count="1" type="cond" truecount="1" falsecount="1"/>
        <line num="13" count="0" type="stmt"/>
        <line num="15" count="1" type="stmt"/>
        <line num="16" count="1" type="stmt"/>
        <line num="19" count="1" type="stmt"/>
        <line num="24" count="0" type="stmt"/>
        <line num="25" count="0" type="stmt"/>
        <line num="26" count="0" type="stmt"/>
        <line num="29" count="0" type="stmt"/>
        <line num="34" count="0" type="stmt"/>
        <line num="36" count="0" type="stmt"/>
        <line num="45" count="1" type="stmt"/>
      </file>
      <file name="Insights.js" path="/Users/tiisetso/Documents/2022/School/Second Semester/COMS3011A - SDP/Software-Organizer/src/tests/Sprint3/Stubs/Insights.js">
        <metrics statements="12" coveredstatements="12" conditionals="6" coveredconditionals="5" methods="6" coveredmethods="6"/>
        <line num="4" count="6" type="stmt"/>
        <line num="5" count="6" type="stmt"/>
        <line num="6" count="6" type="stmt"/>
        <line num="8" count="6" type="stmt"/>
        <line num="9" count="3" type="stmt"/>
        <line num="10" count="15" type="cond" truecount="2" falsecount="0"/>
        <line num="11" count="6" type="stmt"/>
        <line num="13" count="9" type="cond" truecount="2" falsecount="0"/>
        <line num="14" count="3" type="stmt"/>
        <line num="16" count="6" type="cond" truecount="1" falsecount="1"/>
        <line num="17" count="6" type="stmt"/>
        <line num="22" count="6" type="stmt"/>
      </file>
      <file name="Kanban.js" path="/Users/tiisetso/Documents/2022/School/Second Semester/COMS3011A - SDP/Software-Organizer/src/tests/Sprint3/Stubs/Kanban.js">
        <metrics statements="22" coveredstatements="18" conditionals="8" coveredconditionals="4" methods="5" coveredmethods="5"/>
        <line num="3" count="1" type="stmt"/>
        <line num="4" count="1" type="cond" truecount="1" falsecount="1"/>
        <line num="5" count="1" type="stmt"/>
        <line num="6" count="1" type="stmt"/>
        <line num="9" count="0" type="stmt"/>
        <line num="14" count="1" type="stmt"/>
        <line num="15" count="1" type="cond" truecount="1" falsecount="1"/>
        <line num="16" count="1" type="stmt"/>
        <line num="17" count="1" type="stmt"/>
        <line num="20" count="0" type="stmt"/>
        <line num="25" count="1" type="stmt"/>
        <line num="26" count="1" type="cond" truecount="1" falsecount="1"/>
        <line num="27" count="1" type="stmt"/>
        <line num="28" count="1" type="stmt"/>
        <line num="31" count="0" type="stmt"/>
        <line num="36" count="1" type="stmt"/>
        <line num="37" count="1" type="cond" truecount="1" falsecount="1"/>
        <line num="38" count="1" type="stmt"/>
        <line num="39" count="1" type="stmt"/>
        <line num="42" count="0" type="stmt"/>
        <line num="48" count="4" type="stmt"/>
        <line num="69" count="1" type="stmt"/>
      </file>
      <file name="Member.js" path="/Users/tiisetso/Documents/2022/School/Second Semester/COMS3011A - SDP/Software-Organizer/src/tests/Sprint3/Stubs/Member.js">
        <metrics statements="2" coveredstatements="2" conditionals="0" coveredconditionals="0" methods="2" coveredmethods="2"/>
        <line num="4" count="3" type="stmt"/>
        <line num="20" count="3" type="stmt"/>
      </file>
    </package>
    <package name="contactTests">
      <metrics statements="8" coveredstatements="7" conditionals="2" coveredconditionals="1" methods="1" coveredmethods="1"/>
      <file name="contactTest.js" path="/Users/tiisetso/Documents/2022/School/Second Semester/COMS3011A - SDP/Software-Organizer/src/tests/contactTests/contactTest.js">
        <metrics statements="8" coveredstatements="7" conditionals="2" coveredconditionals="1" methods="1" coveredmethods="1"/>
        <line num="2" count="1" type="stmt"/>
        <line num="3" count="1" type="stmt"/>
        <line num="30" count="1" type="stmt"/>
        <line num="31" count="5" type="stmt"/>
        <line num="32" count="5" type="cond" truecount="1" falsecount="1"/>
        <line num="33" count="0" type="stmt"/>
        <line num="36" count="1" type="stmt"/>
        <line num="39" count="1" type="stmt"/>
      </file>
    </package>
    <package name="loginTests">
      <metrics statements="11" coveredstatements="11" conditionals="14" coveredconditionals="13" methods="1" coveredmethods="1"/>
      <file name="loginTest.js" path="/Users/tiisetso/Documents/2022/School/Second Semester/COMS3011A - SDP/Software-Organizer/src/tests/loginTests/loginTest.js">
        <metrics statements="11" coveredstatements="11" conditionals="14" coveredconditionals="13" methods="1" coveredmethods="1"/>
        <line num="2" count="5" type="cond" truecount="2" falsecount="0"/>
        <line num="3" count="4" type="cond" truecount="4" falsecount="0"/>
        <line num="4" count="1" type="stmt"/>
        <line num="6" count="3" type="cond" truecount="4" falsecount="0"/>
        <line num="7" count="1" type="stmt"/>
        <line num="9" count="2" type="cond" truecount="2" falsecount="0"/>
        <line num="10" count="1" type="stmt"/>
        <line num="12" count="1" type="cond" truecount="1" falsecount="1"/>
        <line num="13" count="1" type="stmt"/>
        <line num="17" count="1" type="stmt"/>
        <line num="21" count="1" type="stmt"/>
      </file>
    </package>
    <package name="projectTests">
      <metrics statements="19" coveredstatements="16" conditionals="10" coveredconditionals="7" methods="6" coveredmethods="6"/>
      <file name="projectTest.js" path="/Users/tiisetso/Documents/2022/School/Second Semester/COMS3011A - SDP/Software-Organizer/src/tests/projectTests/projectTest.js">
        <metrics statements="19" coveredstatements="16" conditionals="10" coveredconditionals="7" methods="6" coveredmethods="6"/>
        <line num="2" count="3" type="cond" truecount="2" falsecount="0"/>
        <line num="3" count="1" type="stmt"/>
        <line num="6" count="2" type="stmt"/>
        <line num="11" count="1" type="cond" truecount="1" falsecount="1"/>
        <line num="12" count="1" type="stmt"/>
        <line num="13" count="3" type="stmt"/>
        <line num="15" count="1" type="stmt"/>
        <line num="18" count="0" type="stmt"/>
        <line num="24" count="1" type="cond" truecount="1" falsecount="1"/>
        <line num="25" count="0" type="stmt"/>
        <line num="28" count="1" type="stmt"/>
        <line num="29" count="1" type="stmt"/>
        <line num="34" count="1" type="cond" truecount="1" falsecount="1"/>
        <line num="35" count="1" type="stmt"/>
        <line num="36" count="3" type="cond" truecount="2" falsecount="0"/>
        <line num="37" count="1" type="stmt"/>
        <line num="40" count="1" type="stmt"/>
        <line num="43" count="0" type="stmt"/>
        <line num="48" count="1" type="stmt"/>
      </file>
    </package>
    <package name="signupTests">
      <metrics statements="15" coveredstatements="13" conditionals="22" coveredconditionals="17" methods="1" coveredmethods="1"/>
      <file name="signupTest.js" path="/Users/tiisetso/Documents/2022/School/Second Semester/COMS3011A - SDP/Software-Organizer/src/tests/signupTests/signupTest.js">
        <metrics statements="15" coveredstatements="13" conditionals="22" coveredconditionals="17" methods="1" coveredmethods="1"/>
        <line num="2" count="5" type="cond" truecount="1" falsecount="1"/>
        <line num="3" count="5" type="cond" truecount="6" falsecount="0"/>
        <line num="4" count="1" type="stmt"/>
        <line num="6" count="4" type="cond" truecount="3" falsecount="3"/>
        <line num="7" count="0" type="stmt"/>
        <line num="9" count="4" type="cond" truecount="2" falsecount="0"/>
        <line num="10" count="1" type="stmt"/>
        <line num="12" count="3" type="cond" truecount="2" falsecount="0"/>
        <line num="13" count="1" type="stmt"/>
        <line num="15" count="2" type="cond" truecount="2" falsecount="0"/>
        <line num="16" count="1" type="stmt"/>
        <line num="18" count="1" type="cond" truecount="1" falsecount="1"/>
        <line num="19" count="1" type="stmt"/>
        <line num="23" count="0" type="stmt"/>
        <line num="27" count="1" type="stmt"/>
      </file>
    </package>
    <package name="teamTests">
      <metrics statements="19" coveredstatements="16" conditionals="10" coveredconditionals="7" methods="6" coveredmethods="6"/>
      <file name="teamTest.js" path="/Users/tiisetso/Documents/2022/School/Second Semester/COMS3011A - SDP/Software-Organizer/src/tests/teamTests/teamTest.js">
        <metrics statements="19" coveredstatements="16" conditionals="10" coveredconditionals="7" methods="6" coveredmethods="6"/>
        <line num="2" count="3" type="cond" truecount="2" falsecount="0"/>
        <line num="3" count="1" type="stmt"/>
        <line num="6" count="2" type="stmt"/>
        <line num="11" count="1" type="cond" truecount="1" falsecount="1"/>
        <line num="12" count="1" type="stmt"/>
        <line num="13" count="3" type="stmt"/>
        <line num="15" count="1" type="stmt"/>
        <line num="18" count="0" type="stmt"/>
        <line num="24" count="1" type="cond" truecount="1" falsecount="1"/>
        <line num="25" count="0" type="stmt"/>
        <line num="28" count="1" type="stmt"/>
        <line num="29" count="1" type="stmt"/>
        <line num="34" count="1" type="cond" truecount="1" falsecount="1"/>
        <line num="35" count="1" type="stmt"/>
        <line num="36" count="3" type="cond" truecount="2" falsecount="0"/>
        <line num="37" count="1" type="stmt"/>
        <line num="40" count="1" type="stmt"/>
        <line num="43" count="0" type="stmt"/>
        <line num="48" count="1" type="stmt"/>
      </file>
    </package>
    <package name="userTests">
      <metrics statements="25" coveredstatements="20" conditionals="14" coveredconditionals="10" methods="7" coveredmethods="7"/>
      <file name="userTest.js" path="/Users/tiisetso/Documents/2022/School/Second Semester/COMS3011A - SDP/Software-Organizer/src/tests/userTests/userTest.js">
        <metrics statements="25" coveredstatements="20" conditionals="14" coveredconditionals="10" methods="7" coveredmethods="7"/>
        <line num="2" count="3" type="cond" truecount="2" falsecount="0"/>
        <line num="3" count="1" type="stmt"/>
        <line num="6" count="2" type="stmt"/>
        <line num="11" count="1" type="cond" truecount="1" falsecount="1"/>
        <line num="12" count="1" type="stmt"/>
        <line num="13" count="3" type="stmt"/>
        <line num="15" count="1" type="stmt"/>
        <line num="18" count="0" type="stmt"/>
        <line num="24" count="1" type="cond" truecount="1" falsecount="1"/>
        <line num="25" count="0" type="stmt"/>
        <line num="28" count="1" type="stmt"/>
        <line num="29" count="1" type="stmt"/>
        <line num="34" count="1" type="cond" truecount="1" falsecount="1"/>
        <line num="35" count="1" type="stmt"/>
        <line num="36" count="3" type="cond" truecount="2" falsecount="0"/>
        <line num="37" count="1" type="stmt"/>
        <line num="40" count="1" type="stmt"/>
        <line num="43" count="0" type="stmt"/>
        <line num="49" count="2" type="cond" truecount="2" falsecount="0"/>
        <line num="50" count="1" type="stmt"/>
        <line num="52" count="1" type="cond" truecount="1" falsecount="1"/>
        <line num="53" count="1" type="stmt"/>
        <line num="56" count="0" type="stmt"/>
        <line num="57" count="0" type="stmt"/>
        <line num="62" count="1" type="stmt"/>
      </file>
    </package>
  </project>
</coverage>
