{"/Users/tiisetso/Documents/2022/School/Second Semester/COMS3011A - SDP/Software-Organizer/src/tests/contactTests/contactTest.js": {"path":"/Users/tiisetso/Documents/2022/School/Second Semester/COMS3011A - SDP/Software-Organizer/src/tests/contactTests/contactTest.js","statementMap":{"0":{"start":{"line":2,"column":17},"end":{"line":2,"column":22}},"1":{"start":{"line":3,"column":18},"end":{"line":28,"column":6}},"2":{"start":{"line":30,"column":4},"end":{"line":35,"column":5}},"3":{"start":{"line":30,"column":17},"end":{"line":30,"column":18}},"4":{"start":{"line":31,"column":21},"end":{"line":31,"column":31}},"5":{"start":{"line":32,"column":8},"end":{"line":34,"column":9}},"6":{"start":{"line":33,"column":12},"end":{"line":33,"column":25}},"7":{"start":{"line":36,"column":4},"end":{"line":36,"column":17}},"8":{"start":{"line":39,"column":0},"end":{"line":39,"column":32}}},"fnMap":{"0":{"name":"contactdetails","decl":{"start":{"line":1,"column":9},"end":{"line":1,"column":23}},"loc":{"start":{"line":1,"column":30},"end":{"line":37,"column":1}},"line":1}},"branchMap":{"0":{"loc":{"start":{"line":32,"column":8},"end":{"line":34,"column":9}},"type":"if","locations":[{"start":{"line":32,"column":8},"end":{"line":34,"column":9}},{"start":{},"end":{}}],"line":32}},"s":{"0":1,"1":1,"2":1,"3":1,"4":5,"5":5,"6":0,"7":1,"8":1},"f":{"0":1},"b":{"0":[0,5]},"_coverageSchema":"1a1c01bbd47fc00a2c39e90264f33305004495a9","hash":"a2607f6246692f80c9afc281829f1adbb69cd6d5"}
,"/Users/tiisetso/Documents/2022/School/Second Semester/COMS3011A - SDP/Software-Organizer/src/tests/loginTests/loginTest.js": {"path":"/Users/tiisetso/Documents/2022/School/Second Semester/COMS3011A - SDP/Software-Organizer/src/tests/loginTests/loginTest.js","statementMap":{"0":{"start":{"line":2,"column":4},"end":{"line":18,"column":5}},"1":{"start":{"line":3,"column":8},"end":{"line":14,"column":9}},"2":{"start":{"line":4,"column":12},"end":{"line":4,"column":24}},"3":{"start":{"line":6,"column":13},"end":{"line":14,"column":9}},"4":{"start":{"line":7,"column":12},"end":{"line":7,"column":24}},"5":{"start":{"line":9,"column":13},"end":{"line":14,"column":9}},"6":{"start":{"line":10,"column":12},"end":{"line":10,"column":39}},"7":{"start":{"line":12,"column":13},"end":{"line":14,"column":9}},"8":{"start":{"line":13,"column":12},"end":{"line":13,"column":36}},"9":{"start":{"line":17,"column":8},"end":{"line":17,"column":39}},"10":{"start":{"line":21,"column":0},"end":{"line":21,"column":23}}},"fnMap":{"0":{"name":"login","decl":{"start":{"line":1,"column":9},"end":{"line":1,"column":14}},"loc":{"start":{"line":1,"column":40},"end":{"line":19,"column":1}},"line":1}},"branchMap":{"0":{"loc":{"start":{"line":2,"column":4},"end":{"line":18,"column":5}},"type":"if","locations":[{"start":{"line":2,"column":4},"end":{"line":18,"column":5}},{"start":{"line":16,"column":9},"end":{"line":18,"column":5}}],"line":2},"1":{"loc":{"start":{"line":3,"column":8},"end":{"line":14,"column":9}},"type":"if","locations":[{"start":{"line":3,"column":8},"end":{"line":14,"column":9}},{"start":{"line":6,"column":13},"end":{"line":14,"column":9}}],"line":3},"2":{"loc":{"start":{"line":3,"column":12},"end":{"line":3,"column":51}},"type":"binary-expr","locations":[{"start":{"line":3,"column":12},"end":{"line":3,"column":28}},{"start":{"line":3,"column":32},"end":{"line":3,"column":51}}],"line":3},"3":{"loc":{"start":{"line":6,"column":13},"end":{"line":14,"column":9}},"type":"if","locations":[{"start":{"line":6,"column":13},"end":{"line":14,"column":9}},{"start":{"line":9,"column":13},"end":{"line":14,"column":9}}],"line":6},"4":{"loc":{"start":{"line":6,"column":17},"end":{"line":6,"column":58}},"type":"binary-expr","locations":[{"start":{"line":6,"column":17},"end":{"line":6,"column":34}},{"start":{"line":6,"column":38},"end":{"line":6,"column":58}}],"line":6},"5":{"loc":{"start":{"line":9,"column":13},"end":{"line":14,"column":9}},"type":"if","locations":[{"start":{"line":9,"column":13},"end":{"line":14,"column":9}},{"start":{"line":12,"column":13},"end":{"line":14,"column":9}}],"line":9},"6":{"loc":{"start":{"line":12,"column":13},"end":{"line":14,"column":9}},"type":"if","locations":[{"start":{"line":12,"column":13},"end":{"line":14,"column":9}},{"start":{},"end":{}}],"line":12}},"s":{"0":5,"1":4,"2":1,"3":3,"4":1,"5":2,"6":1,"7":1,"8":1,"9":1,"10":1},"f":{"0":5},"b":{"0":[4,1],"1":[1,3],"2":[4,2],"3":[1,2],"4":[3,2],"5":[1,1],"6":[1,0]},"_coverageSchema":"1a1c01bbd47fc00a2c39e90264f33305004495a9","hash":"01e03c511a3fc5a600a3078105260e4d400bc2f1"}
,"/Users/tiisetso/Documents/2022/School/Second Semester/COMS3011A - SDP/Software-Organizer/src/tests/projectTests/projectTest.js": {"path":"/Users/tiisetso/Documents/2022/School/Second Semester/COMS3011A - SDP/Software-Organizer/src/tests/projectTests/projectTest.js","statementMap":{"0":{"start":{"line":2,"column":4},"end":{"line":7,"column":5}},"1":{"start":{"line":3,"column":8},"end":{"line":3,"column":20}},"2":{"start":{"line":6,"column":8},"end":{"line":6,"column":19}},"3":{"start":{"line":11,"column":4},"end":{"line":19,"column":5}},"4":{"start":{"line":12,"column":25},"end":{"line":14,"column":10}},"5":{"start":{"line":13,"column":12},"end":{"line":13,"column":35}},"6":{"start":{"line":15,"column":8},"end":{"line":15,"column":23}},"7":{"start":{"line":18,"column":8},"end":{"line":18,"column":75}},"8":{"start":{"line":24,"column":4},"end":{"line":30,"column":5}},"9":{"start":{"line":25,"column":8},"end":{"line":25,"column":55}},"10":{"start":{"line":28,"column":8},"end":{"line":28,"column":26}},"11":{"start":{"line":29,"column":8},"end":{"line":29,"column":18}},"12":{"start":{"line":34,"column":4},"end":{"line":44,"column":5}},"13":{"start":{"line":35,"column":8},"end":{"line":39,"column":10}},"14":{"start":{"line":36,"column":12},"end":{"line":38,"column":13}},"15":{"start":{"line":37,"column":16},"end":{"line":37,"column":34}},"16":{"start":{"line":40,"column":8},"end":{"line":40,"column":18}},"17":{"start":{"line":43,"column":8},"end":{"line":43,"column":55}},"18":{"start":{"line":48,"column":0},"end":{"line":48,"column":58}}},"fnMap":{"0":{"name":"checkProjects","decl":{"start":{"line":1,"column":9},"end":{"line":1,"column":22}},"loc":{"start":{"line":1,"column":36},"end":{"line":8,"column":1}},"line":1},"1":{"name":"deleteProject","decl":{"start":{"line":10,"column":9},"end":{"line":10,"column":22}},"loc":{"start":{"line":10,"column":36},"end":{"line":21,"column":1}},"line":10},"2":{"name":"(anonymous_2)","decl":{"start":{"line":12,"column":36},"end":{"line":12,"column":37}},"loc":{"start":{"line":12,"column":52},"end":{"line":14,"column":9}},"line":12},"3":{"name":"addProject","decl":{"start":{"line":23,"column":9},"end":{"line":23,"column":19}},"loc":{"start":{"line":23,"column":33},"end":{"line":31,"column":1}},"line":23},"4":{"name":"editProject","decl":{"start":{"line":33,"column":9},"end":{"line":33,"column":20}},"loc":{"start":{"line":33,"column":46},"end":{"line":46,"column":1}},"line":33},"5":{"name":"(anonymous_5)","decl":{"start":{"line":35,"column":16},"end":{"line":35,"column":17}},"loc":{"start":{"line":35,"column":25},"end":{"line":39,"column":9}},"line":35}},"branchMap":{"0":{"loc":{"start":{"line":2,"column":4},"end":{"line":7,"column":5}},"type":"if","locations":[{"start":{"line":2,"column":4},"end":{"line":7,"column":5}},{"start":{"line":5,"column":9},"end":{"line":7,"column":5}}],"line":2},"1":{"loc":{"start":{"line":11,"column":4},"end":{"line":19,"column":5}},"type":"if","locations":[{"start":{"line":11,"column":4},"end":{"line":19,"column":5}},{"start":{"line":17,"column":9},"end":{"line":19,"column":5}}],"line":11},"2":{"loc":{"start":{"line":24,"column":4},"end":{"line":30,"column":5}},"type":"if","locations":[{"start":{"line":24,"column":4},"end":{"line":30,"column":5}},{"start":{"line":27,"column":9},"end":{"line":30,"column":5}}],"line":24},"3":{"loc":{"start":{"line":34,"column":4},"end":{"line":44,"column":5}},"type":"if","locations":[{"start":{"line":34,"column":4},"end":{"line":44,"column":5}},{"start":{"line":42,"column":9},"end":{"line":44,"column":5}}],"line":34},"4":{"loc":{"start":{"line":36,"column":12},"end":{"line":38,"column":13}},"type":"if","locations":[{"start":{"line":36,"column":12},"end":{"line":38,"column":13}},{"start":{},"end":{}}],"line":36}},"s":{"0":3,"1":1,"2":2,"3":1,"4":1,"5":3,"6":1,"7":0,"8":1,"9":0,"10":1,"11":1,"12":1,"13":1,"14":3,"15":1,"16":1,"17":0,"18":1},"f":{"0":3,"1":1,"2":3,"3":1,"4":1,"5":3},"b":{"0":[1,2],"1":[1,0],"2":[0,1],"3":[1,0],"4":[1,2]},"_coverageSchema":"1a1c01bbd47fc00a2c39e90264f33305004495a9","hash":"baa31898bbfb6aa2a5e1af0d0f39adb98a448125"}
,"/Users/tiisetso/Documents/2022/School/Second Semester/COMS3011A - SDP/Software-Organizer/src/tests/signupTests/signupTest.js": {"path":"/Users/tiisetso/Documents/2022/School/Second Semester/COMS3011A - SDP/Software-Organizer/src/tests/signupTests/signupTest.js","statementMap":{"0":{"start":{"line":2,"column":4},"end":{"line":24,"column":5}},"1":{"start":{"line":3,"column":8},"end":{"line":20,"column":9}},"2":{"start":{"line":4,"column":12},"end":{"line":4,"column":24}},"3":{"start":{"line":6,"column":13},"end":{"line":20,"column":9}},"4":{"start":{"line":7,"column":12},"end":{"line":7,"column":24}},"5":{"start":{"line":9,"column":13},"end":{"line":20,"column":9}},"6":{"start":{"line":10,"column":12},"end":{"line":10,"column":35}},"7":{"start":{"line":12,"column":13},"end":{"line":20,"column":9}},"8":{"start":{"line":13,"column":12},"end":{"line":13,"column":35}},"9":{"start":{"line":15,"column":13},"end":{"line":20,"column":9}},"10":{"start":{"line":16,"column":12},"end":{"line":16,"column":39}},"11":{"start":{"line":18,"column":13},"end":{"line":20,"column":9}},"12":{"start":{"line":19,"column":12},"end":{"line":19,"column":36}},"13":{"start":{"line":23,"column":8},"end":{"line":23,"column":39}},"14":{"start":{"line":27,"column":0},"end":{"line":27,"column":23}}},"fnMap":{"0":{"name":"signup","decl":{"start":{"line":1,"column":9},"end":{"line":1,"column":15}},"loc":{"start":{"line":1,"column":53},"end":{"line":25,"column":1}},"line":1}},"branchMap":{"0":{"loc":{"start":{"line":2,"column":4},"end":{"line":24,"column":5}},"type":"if","locations":[{"start":{"line":2,"column":4},"end":{"line":24,"column":5}},{"start":{"line":22,"column":9},"end":{"line":24,"column":5}}],"line":2},"1":{"loc":{"start":{"line":3,"column":8},"end":{"line":20,"column":9}},"type":"if","locations":[{"start":{"line":3,"column":8},"end":{"line":20,"column":9}},{"start":{"line":6,"column":13},"end":{"line":20,"column":9}}],"line":3},"2":{"loc":{"start":{"line":3,"column":12},"end":{"line":3,"column":92}},"type":"binary-expr","locations":[{"start":{"line":3,"column":12},"end":{"line":3,"column":27}},{"start":{"line":3,"column":31},"end":{"line":3,"column":49}},{"start":{"line":3,"column":53},"end":{"line":3,"column":69}},{"start":{"line":3,"column":73},"end":{"line":3,"column":92}}],"line":3},"3":{"loc":{"start":{"line":6,"column":13},"end":{"line":20,"column":9}},"type":"if","locations":[{"start":{"line":6,"column":13},"end":{"line":20,"column":9}},{"start":{"line":9,"column":13},"end":{"line":20,"column":9}}],"line":6},"4":{"loc":{"start":{"line":6,"column":17},"end":{"line":6,"column":98}},"type":"binary-expr","locations":[{"start":{"line":6,"column":17},"end":{"line":6,"column":34}},{"start":{"line":6,"column":38},"end":{"line":6,"column":58}},{"start":{"line":6,"column":62},"end":{"line":6,"column":79}},{"start":{"line":6,"column":83},"end":{"line":6,"column":98}}],"line":6},"5":{"loc":{"start":{"line":9,"column":13},"end":{"line":20,"column":9}},"type":"if","locations":[{"start":{"line":9,"column":13},"end":{"line":20,"column":9}},{"start":{"line":12,"column":13},"end":{"line":20,"column":9}}],"line":9},"6":{"loc":{"start":{"line":12,"column":13},"end":{"line":20,"column":9}},"type":"if","locations":[{"start":{"line":12,"column":13},"end":{"line":20,"column":9}},{"start":{"line":15,"column":13},"end":{"line":20,"column":9}}],"line":12},"7":{"loc":{"start":{"line":15,"column":13},"end":{"line":20,"column":9}},"type":"if","locations":[{"start":{"line":15,"column":13},"end":{"line":20,"column":9}},{"start":{"line":18,"column":13},"end":{"line":20,"column":9}}],"line":15},"8":{"loc":{"start":{"line":18,"column":13},"end":{"line":20,"column":9}},"type":"if","locations":[{"start":{"line":18,"column":13},"end":{"line":20,"column":9}},{"start":{},"end":{}}],"line":18}},"s":{"0":5,"1":5,"2":1,"3":4,"4":0,"5":4,"6":1,"7":3,"8":1,"9":2,"10":1,"11":1,"12":1,"13":0,"14":1},"f":{"0":5},"b":{"0":[5,0],"1":[1,4],"2":[5,4,3,2],"3":[0,4],"4":[4,1,0,0],"5":[1,3],"6":[1,2],"7":[1,1],"8":[1,0]},"_coverageSchema":"1a1c01bbd47fc00a2c39e90264f33305004495a9","hash":"164dec8f6191862003e3d1f4422e75e46797ad12"}
,"/Users/tiisetso/Documents/2022/School/Second Semester/COMS3011A - SDP/Software-Organizer/src/tests/teamTests/teamTest.js": {"path":"/Users/tiisetso/Documents/2022/School/Second Semester/COMS3011A - SDP/Software-Organizer/src/tests/teamTests/teamTest.js","statementMap":{"0":{"start":{"line":2,"column":4},"end":{"line":7,"column":5}},"1":{"start":{"line":3,"column":8},"end":{"line":3,"column":20}},"2":{"start":{"line":6,"column":8},"end":{"line":6,"column":19}},"3":{"start":{"line":11,"column":4},"end":{"line":19,"column":5}},"4":{"start":{"line":12,"column":25},"end":{"line":14,"column":10}},"5":{"start":{"line":13,"column":12},"end":{"line":13,"column":31}},"6":{"start":{"line":15,"column":8},"end":{"line":15,"column":23}},"7":{"start":{"line":18,"column":8},"end":{"line":18,"column":72}},"8":{"start":{"line":24,"column":4},"end":{"line":30,"column":5}},"9":{"start":{"line":25,"column":8},"end":{"line":25,"column":52}},"10":{"start":{"line":28,"column":8},"end":{"line":28,"column":23}},"11":{"start":{"line":29,"column":8},"end":{"line":29,"column":18}},"12":{"start":{"line":34,"column":4},"end":{"line":44,"column":5}},"13":{"start":{"line":35,"column":8},"end":{"line":39,"column":10}},"14":{"start":{"line":36,"column":12},"end":{"line":38,"column":13}},"15":{"start":{"line":37,"column":16},"end":{"line":37,"column":30}},"16":{"start":{"line":40,"column":8},"end":{"line":40,"column":18}},"17":{"start":{"line":43,"column":8},"end":{"line":43,"column":52}},"18":{"start":{"line":48,"column":0},"end":{"line":48,"column":49}}},"fnMap":{"0":{"name":"checkTeams","decl":{"start":{"line":1,"column":9},"end":{"line":1,"column":19}},"loc":{"start":{"line":1,"column":31},"end":{"line":8,"column":1}},"line":1},"1":{"name":"deleteTeam","decl":{"start":{"line":10,"column":9},"end":{"line":10,"column":19}},"loc":{"start":{"line":10,"column":31},"end":{"line":21,"column":1}},"line":10},"2":{"name":"(anonymous_2)","decl":{"start":{"line":12,"column":36},"end":{"line":12,"column":37}},"loc":{"start":{"line":12,"column":51},"end":{"line":14,"column":9}},"line":12},"3":{"name":"addTeam","decl":{"start":{"line":23,"column":9},"end":{"line":23,"column":16}},"loc":{"start":{"line":23,"column":28},"end":{"line":31,"column":1}},"line":23},"4":{"name":"editTeam","decl":{"start":{"line":33,"column":9},"end":{"line":33,"column":17}},"loc":{"start":{"line":33,"column":38},"end":{"line":46,"column":1}},"line":33},"5":{"name":"(anonymous_5)","decl":{"start":{"line":35,"column":16},"end":{"line":35,"column":17}},"loc":{"start":{"line":35,"column":25},"end":{"line":39,"column":9}},"line":35}},"branchMap":{"0":{"loc":{"start":{"line":2,"column":4},"end":{"line":7,"column":5}},"type":"if","locations":[{"start":{"line":2,"column":4},"end":{"line":7,"column":5}},{"start":{"line":5,"column":9},"end":{"line":7,"column":5}}],"line":2},"1":{"loc":{"start":{"line":11,"column":4},"end":{"line":19,"column":5}},"type":"if","locations":[{"start":{"line":11,"column":4},"end":{"line":19,"column":5}},{"start":{"line":17,"column":9},"end":{"line":19,"column":5}}],"line":11},"2":{"loc":{"start":{"line":24,"column":4},"end":{"line":30,"column":5}},"type":"if","locations":[{"start":{"line":24,"column":4},"end":{"line":30,"column":5}},{"start":{"line":27,"column":9},"end":{"line":30,"column":5}}],"line":24},"3":{"loc":{"start":{"line":34,"column":4},"end":{"line":44,"column":5}},"type":"if","locations":[{"start":{"line":34,"column":4},"end":{"line":44,"column":5}},{"start":{"line":42,"column":9},"end":{"line":44,"column":5}}],"line":34},"4":{"loc":{"start":{"line":36,"column":12},"end":{"line":38,"column":13}},"type":"if","locations":[{"start":{"line":36,"column":12},"end":{"line":38,"column":13}},{"start":{},"end":{}}],"line":36}},"s":{"0":3,"1":1,"2":2,"3":1,"4":1,"5":3,"6":1,"7":0,"8":1,"9":0,"10":1,"11":1,"12":1,"13":1,"14":3,"15":1,"16":1,"17":0,"18":1},"f":{"0":3,"1":1,"2":3,"3":1,"4":1,"5":3},"b":{"0":[1,2],"1":[1,0],"2":[0,1],"3":[1,0],"4":[1,2]},"_coverageSchema":"1a1c01bbd47fc00a2c39e90264f33305004495a9","hash":"c0427d021f249e7fd873e87ffbb52e2f61b4c9c1"}
,"/Users/tiisetso/Documents/2022/School/Second Semester/COMS3011A - SDP/Software-Organizer/src/tests/userTests/userTest.js": {"path":"/Users/tiisetso/Documents/2022/School/Second Semester/COMS3011A - SDP/Software-Organizer/src/tests/userTests/userTest.js","statementMap":{"0":{"start":{"line":2,"column":4},"end":{"line":7,"column":5}},"1":{"start":{"line":3,"column":8},"end":{"line":3,"column":20}},"2":{"start":{"line":6,"column":8},"end":{"line":6,"column":19}},"3":{"start":{"line":11,"column":4},"end":{"line":19,"column":5}},"4":{"start":{"line":12,"column":25},"end":{"line":14,"column":10}},"5":{"start":{"line":13,"column":12},"end":{"line":13,"column":32}},"6":{"start":{"line":15,"column":8},"end":{"line":15,"column":23}},"7":{"start":{"line":18,"column":8},"end":{"line":18,"column":73}},"8":{"start":{"line":24,"column":4},"end":{"line":30,"column":5}},"9":{"start":{"line":25,"column":8},"end":{"line":25,"column":53}},"10":{"start":{"line":28,"column":8},"end":{"line":28,"column":24}},"11":{"start":{"line":29,"column":8},"end":{"line":29,"column":18}},"12":{"start":{"line":34,"column":4},"end":{"line":44,"column":5}},"13":{"start":{"line":35,"column":8},"end":{"line":39,"column":10}},"14":{"start":{"line":36,"column":12},"end":{"line":38,"column":13}},"15":{"start":{"line":37,"column":16},"end":{"line":37,"column":30}},"16":{"start":{"line":40,"column":8},"end":{"line":40,"column":18}},"17":{"start":{"line":43,"column":8},"end":{"line":43,"column":52}},"18":{"start":{"line":48,"column":0},"end":{"line":48,"column":52}}},"fnMap":{"0":{"name":"checkStory","decl":{"start":{"line":1,"column":9},"end":{"line":1,"column":19}},"loc":{"start":{"line":1,"column":32},"end":{"line":8,"column":1}},"line":1},"1":{"name":"deleteStory","decl":{"start":{"line":10,"column":9},"end":{"line":10,"column":20}},"loc":{"start":{"line":10,"column":33},"end":{"line":21,"column":1}},"line":10},"2":{"name":"(anonymous_2)","decl":{"start":{"line":12,"column":36},"end":{"line":12,"column":37}},"loc":{"start":{"line":12,"column":51},"end":{"line":14,"column":9}},"line":12},"3":{"name":"addStory","decl":{"start":{"line":23,"column":9},"end":{"line":23,"column":17}},"loc":{"start":{"line":23,"column":30},"end":{"line":31,"column":1}},"line":23},"4":{"name":"editStory","decl":{"start":{"line":33,"column":9},"end":{"line":33,"column":18}},"loc":{"start":{"line":33,"column":41},"end":{"line":46,"column":1}},"line":33},"5":{"name":"(anonymous_5)","decl":{"start":{"line":35,"column":16},"end":{"line":35,"column":17}},"loc":{"start":{"line":35,"column":25},"end":{"line":39,"column":9}},"line":35}},"branchMap":{"0":{"loc":{"start":{"line":2,"column":4},"end":{"line":7,"column":5}},"type":"if","locations":[{"start":{"line":2,"column":4},"end":{"line":7,"column":5}},{"start":{"line":5,"column":9},"end":{"line":7,"column":5}}],"line":2},"1":{"loc":{"start":{"line":11,"column":4},"end":{"line":19,"column":5}},"type":"if","locations":[{"start":{"line":11,"column":4},"end":{"line":19,"column":5}},{"start":{"line":17,"column":9},"end":{"line":19,"column":5}}],"line":11},"2":{"loc":{"start":{"line":24,"column":4},"end":{"line":30,"column":5}},"type":"if","locations":[{"start":{"line":24,"column":4},"end":{"line":30,"column":5}},{"start":{"line":27,"column":9},"end":{"line":30,"column":5}}],"line":24},"3":{"loc":{"start":{"line":34,"column":4},"end":{"line":44,"column":5}},"type":"if","locations":[{"start":{"line":34,"column":4},"end":{"line":44,"column":5}},{"start":{"line":42,"column":9},"end":{"line":44,"column":5}}],"line":34},"4":{"loc":{"start":{"line":36,"column":12},"end":{"line":38,"column":13}},"type":"if","locations":[{"start":{"line":36,"column":12},"end":{"line":38,"column":13}},{"start":{},"end":{}}],"line":36}},"s":{"0":3,"1":1,"2":2,"3":1,"4":1,"5":3,"6":1,"7":0,"8":1,"9":0,"10":1,"11":1,"12":1,"13":1,"14":3,"15":1,"16":0,"17":0,"18":1},"f":{"0":3,"1":1,"2":3,"3":1,"4":1,"5":3},"b":{"0":[1,2],"1":[1,0],"2":[0,1],"3":[1,0],"4":[1,2]},"_coverageSchema":"1a1c01bbd47fc00a2c39e90264f33305004495a9","hash":"072348281697bb491a7cb39a42d5f4c167a12a1e"}
}
