TN:
SF:src/tests/contactTests/contactTest.js
FN:1,contactdetails
FNF:1
FNH:1
FNDA:1,contactdetails
DA:2,1
DA:3,1
DA:30,1
DA:31,5
DA:32,5
DA:33,0
DA:36,1
DA:39,1
LF:8
LH:7
BRDA:32,0,0,0
BRDA:32,0,1,5
BRF:2
BRH:1
end_of_record
TN:
SF:src/tests/loginTests/loginTest.js
FN:1,login
FNF:1
FNH:1
FNDA:5,login
DA:2,5
DA:3,4
DA:4,1
DA:6,3
DA:7,1
DA:9,2
DA:10,1
DA:12,1
DA:13,1
DA:17,1
DA:21,1
LF:11
LH:11
BRDA:2,0,0,4
BRDA:2,0,1,1
BRDA:3,1,0,1
BRDA:3,1,1,3
BRDA:3,2,0,4
BRDA:3,2,1,2
BRDA:6,3,0,1
BRDA:6,3,1,2
BRDA:6,4,0,3
BRDA:6,4,1,2
BRDA:9,5,0,1
BRDA:9,5,1,1
BRDA:12,6,0,1
BRDA:12,6,1,0
BRF:14
BRH:13
end_of_record
TN:
SF:src/tests/projectTests/projectTest.js
FN:1,checkProjects
FN:10,deleteProject
FN:12,(anonymous_2)
FN:23,addProject
FN:33,editProject
FN:35,(anonymous_5)
FNF:6
FNH:6
FNDA:3,checkProjects
FNDA:1,deleteProject
FNDA:3,(anonymous_2)
FNDA:1,addProject
FNDA:1,editProject
FNDA:3,(anonymous_5)
DA:2,3
DA:3,1
DA:6,2
DA:11,1
DA:12,1
DA:13,3
DA:15,1
DA:18,0
DA:24,1
DA:25,0
DA:28,1
DA:29,1
DA:34,1
DA:35,1
DA:36,3
DA:37,1
DA:40,1
DA:43,0
DA:48,1
LF:19
LH:16
BRDA:2,0,0,1
BRDA:2,0,1,2
BRDA:11,1,0,1
BRDA:11,1,1,0
BRDA:24,2,0,0
BRDA:24,2,1,1
BRDA:34,3,0,1
BRDA:34,3,1,0
BRDA:36,4,0,1
BRDA:36,4,1,2
BRF:10
BRH:7
end_of_record
TN:
SF:src/tests/signupTests/signupTest.js
FN:1,signup
FNF:1
FNH:1
FNDA:5,signup
DA:2,5
DA:3,5
DA:4,1
DA:6,4
DA:7,0
DA:9,4
DA:10,1
DA:12,3
DA:13,1
DA:15,2
DA:16,1
DA:18,1
DA:19,1
DA:23,0
DA:27,1
LF:15
LH:13
BRDA:2,0,0,5
BRDA:2,0,1,0
BRDA:3,1,0,1
BRDA:3,1,1,4
BRDA:3,2,0,5
BRDA:3,2,1,4
BRDA:3,2,2,3
BRDA:3,2,3,2
BRDA:6,3,0,0
BRDA:6,3,1,4
BRDA:6,4,0,4
BRDA:6,4,1,1
BRDA:6,4,2,0
BRDA:6,4,3,0
BRDA:9,5,0,1
BRDA:9,5,1,3
BRDA:12,6,0,1
BRDA:12,6,1,2
BRDA:15,7,0,1
BRDA:15,7,1,1
BRDA:18,8,0,1
BRDA:18,8,1,0
BRF:22
BRH:17
end_of_record
TN:
SF:src/tests/teamTests/teamTest.js
FN:1,checkTeams
FN:10,deleteTeam
FN:12,(anonymous_2)
FN:23,addTeam
FN:33,editTeam
FN:35,(anonymous_5)
FNF:6
FNH:6
FNDA:3,checkTeams
FNDA:1,deleteTeam
FNDA:3,(anonymous_2)
FNDA:1,addTeam
FNDA:1,editTeam
FNDA:3,(anonymous_5)
DA:2,3
DA:3,1
DA:6,2
DA:11,1
DA:12,1
DA:13,3
DA:15,1
DA:18,0
DA:24,1
DA:25,0
DA:28,1
DA:29,1
DA:34,1
DA:35,1
DA:36,3
DA:37,1
DA:40,1
DA:43,0
DA:48,1
LF:19
LH:16
BRDA:2,0,0,1
BRDA:2,0,1,2
BRDA:11,1,0,1
BRDA:11,1,1,0
BRDA:24,2,0,0
BRDA:24,2,1,1
BRDA:34,3,0,1
BRDA:34,3,1,0
BRDA:36,4,0,1
BRDA:36,4,1,2
BRF:10
BRH:7
end_of_record
TN:
SF:src/tests/userTests/userTest.js
FN:1,checkStory
FN:10,deleteStory
FN:12,(anonymous_2)
FN:23,addStory
FN:33,editStory
FN:35,(anonymous_5)
FNF:6
FNH:6
FNDA:3,checkStory
FNDA:1,deleteStory
FNDA:3,(anonymous_2)
FNDA:1,addStory
FNDA:1,editStory
FNDA:3,(anonymous_5)
DA:2,3
DA:3,1
DA:6,2
DA:11,1
DA:12,1
DA:13,3
DA:15,1
DA:18,0
DA:24,1
DA:25,0
DA:28,1
DA:29,1
DA:34,1
DA:35,1
DA:36,3
DA:37,1
DA:40,0
DA:43,0
DA:48,1
LF:19
LH:15
BRDA:2,0,0,1
BRDA:2,0,1,2
BRDA:11,1,0,1
BRDA:11,1,1,0
BRDA:24,2,0,0
BRDA:24,2,1,1
BRDA:34,3,0,1
BRDA:34,3,1,0
BRDA:36,4,0,1
BRDA:36,4,1,2
BRF:10
BRH:7
end_of_record
