TN:
SF:src/tests/Sprint3/Stubs/Document.js
FN:7,(anonymous_0)
FN:23,Document
FN:34,(anonymous_2)
FN:36,(anonymous_3)
FNF:4
FNH:1
FNDA:3,(anonymous_0)
FNDA:0,Document
FNDA:0,(anonymous_2)
FNDA:0,(anonymous_3)
DA:7,1
DA:8,3
DA:9,2
DA:10,1
DA:12,1
DA:13,0
DA:15,1
DA:16,1
DA:19,1
DA:24,0
DA:25,0
DA:26,0
DA:29,0
DA:34,0
DA:36,0
DA:45,1
LF:16
LH:9
BRDA:8,0,0,2
BRDA:8,0,1,1
BRDA:9,1,0,1
BRDA:9,1,1,1
BRDA:12,2,0,0
BRDA:12,2,1,1
BRF:6
BRH:5
end_of_record
TN:
SF:src/tests/Sprint3/Stubs/Insights.js
FN:3,Insights
FN:8,(anonymous_1)
FN:9,(anonymous_2)
FN:11,(anonymous_3)
FN:14,(anonymous_4)
FN:17,(anonymous_5)
FNF:6
FNH:6
FNDA:6,Insights
FNDA:3,(anonymous_1)
FNDA:15,(anonymous_2)
FNDA:6,(anonymous_3)
FNDA:3,(anonymous_4)
FNDA:6,(anonymous_5)
DA:4,6
DA:5,6
DA:6,6
DA:8,6
DA:9,3
DA:10,15
DA:11,6
DA:13,9
DA:14,3
DA:16,6
DA:17,6
DA:22,6
LF:12
LH:12
BRDA:10,0,0,6
BRDA:10,0,1,9
BRDA:13,1,0,3
BRDA:13,1,1,6
BRDA:16,2,0,6
BRDA:16,2,1,0
BRF:6
BRH:5
end_of_record
TN:
SF:src/tests/Sprint3/Stubs/Kanban.js
FN:3,(anonymous_0)
FN:14,(anonymous_1)
FN:25,(anonymous_2)
FN:36,(anonymous_3)
FN:46,Kanban
FNF:5
FNH:5
FNDA:1,(anonymous_0)
FNDA:1,(anonymous_1)
FNDA:1,(anonymous_2)
FNDA:1,(anonymous_3)
FNDA:4,Kanban
DA:3,1
DA:4,1
DA:5,1
DA:6,1
DA:9,0
DA:14,1
DA:15,1
DA:16,1
DA:17,1
DA:20,0
DA:25,1
DA:26,1
DA:27,1
DA:28,1
DA:31,0
DA:36,1
DA:37,1
DA:38,1
DA:39,1
DA:42,0
DA:48,4
DA:69,1
LF:22
LH:18
BRDA:4,0,0,1
BRDA:4,0,1,0
BRDA:15,1,0,1
BRDA:15,1,1,0
BRDA:26,2,0,1
BRDA:26,2,1,0
BRDA:37,3,0,1
BRDA:37,3,1,0
BRF:8
BRH:4
end_of_record
TN:
SF:src/tests/Sprint3/Stubs/Member.js
FN:3,Member
FN:19,(anonymous_1)
FNF:2
FNH:2
FNDA:3,Member
FNDA:3,(anonymous_1)
DA:4,3
DA:20,3
LF:2
LH:2
BRF:0
BRH:0
end_of_record
TN:
SF:src/tests/contactTests/contactTest.js
FN:1,contactdetails
FNF:1
FNH:1
FNDA:1,contactdetails
DA:2,1
DA:3,1
DA:30,1
DA:31,5
DA:32,5
DA:33,0
DA:36,1
DA:39,1
LF:8
LH:7
BRDA:32,0,0,0
BRDA:32,0,1,5
BRF:2
BRH:1
end_of_record
TN:
SF:src/tests/loginTests/loginTest.js
FN:1,login
FNF:1
FNH:1
FNDA:5,login
DA:2,5
DA:3,4
DA:4,1
DA:6,3
DA:7,1
DA:9,2
DA:10,1
DA:12,1
DA:13,1
DA:17,1
DA:21,1
LF:11
LH:11
BRDA:2,0,0,4
BRDA:2,0,1,1
BRDA:3,1,0,1
BRDA:3,1,1,3
BRDA:3,2,0,4
BRDA:3,2,1,2
BRDA:6,3,0,1
BRDA:6,3,1,2
BRDA:6,4,0,3
BRDA:6,4,1,2
BRDA:9,5,0,1
BRDA:9,5,1,1
BRDA:12,6,0,1
BRDA:12,6,1,0
BRF:14
BRH:13
end_of_record
TN:
SF:src/tests/projectTests/projectTest.js
FN:1,checkProjects
FN:10,deleteProject
FN:12,(anonymous_2)
FN:23,addProject
FN:33,editProject
FN:35,(anonymous_5)
FNF:6
FNH:6
FNDA:3,checkProjects
FNDA:1,deleteProject
FNDA:3,(anonymous_2)
FNDA:1,addProject
FNDA:1,editProject
FNDA:3,(anonymous_5)
DA:2,3
DA:3,1
DA:6,2
DA:11,1
DA:12,1
DA:13,3
DA:15,1
DA:18,0
DA:24,1
DA:25,0
DA:28,1
DA:29,1
DA:34,1
DA:35,1
DA:36,3
DA:37,1
DA:40,1
DA:43,0
DA:48,1
LF:19
LH:16
BRDA:2,0,0,1
BRDA:2,0,1,2
BRDA:11,1,0,1
BRDA:11,1,1,0
BRDA:24,2,0,0
BRDA:24,2,1,1
BRDA:34,3,0,1
BRDA:34,3,1,0
BRDA:36,4,0,1
BRDA:36,4,1,2
BRF:10
BRH:7
end_of_record
TN:
SF:src/tests/signupTests/signupTest.js
FN:1,signup
FNF:1
FNH:1
FNDA:5,signup
DA:2,5
DA:3,5
DA:4,1
DA:6,4
DA:7,0
DA:9,4
DA:10,1
DA:12,3
DA:13,1
DA:15,2
DA:16,1
DA:18,1
DA:19,1
DA:23,0
DA:27,1
LF:15
LH:13
BRDA:2,0,0,5
BRDA:2,0,1,0
BRDA:3,1,0,1
BRDA:3,1,1,4
BRDA:3,2,0,5
BRDA:3,2,1,4
BRDA:3,2,2,3
BRDA:3,2,3,2
BRDA:6,3,0,0
BRDA:6,3,1,4
BRDA:6,4,0,4
BRDA:6,4,1,1
BRDA:6,4,2,0
BRDA:6,4,3,0
BRDA:9,5,0,1
BRDA:9,5,1,3
BRDA:12,6,0,1
BRDA:12,6,1,2
BRDA:15,7,0,1
BRDA:15,7,1,1
BRDA:18,8,0,1
BRDA:18,8,1,0
BRF:22
BRH:17
end_of_record
TN:
SF:src/tests/teamTests/teamTest.js
FN:1,checkTeams
FN:10,deleteTeam
FN:12,(anonymous_2)
FN:23,addTeam
FN:33,editTeam
FN:35,(anonymous_5)
FNF:6
FNH:6
FNDA:3,checkTeams
FNDA:1,deleteTeam
FNDA:3,(anonymous_2)
FNDA:1,addTeam
FNDA:1,editTeam
FNDA:3,(anonymous_5)
DA:2,3
DA:3,1
DA:6,2
DA:11,1
DA:12,1
DA:13,3
DA:15,1
DA:18,0
DA:24,1
DA:25,0
DA:28,1
DA:29,1
DA:34,1
DA:35,1
DA:36,3
DA:37,1
DA:40,1
DA:43,0
DA:48,1
LF:19
LH:16
BRDA:2,0,0,1
BRDA:2,0,1,2
BRDA:11,1,0,1
BRDA:11,1,1,0
BRDA:24,2,0,0
BRDA:24,2,1,1
BRDA:34,3,0,1
BRDA:34,3,1,0
BRDA:36,4,0,1
BRDA:36,4,1,2
BRF:10
BRH:7
end_of_record
TN:
SF:src/tests/userTests/userTest.js
FN:1,checkStory
FN:10,deleteStory
FN:12,(anonymous_2)
FN:23,addStory
FN:33,editStory
FN:35,(anonymous_5)
FN:48,addWiki
FNF:7
FNH:7
FNDA:3,checkStory
FNDA:1,deleteStory
FNDA:3,(anonymous_2)
FNDA:1,addStory
FNDA:1,editStory
FNDA:3,(anonymous_5)
FNDA:2,addWiki
DA:2,3
DA:3,1
DA:6,2
DA:11,1
DA:12,1
DA:13,3
DA:15,1
DA:18,0
DA:24,1
DA:25,0
DA:28,1
DA:29,1
DA:34,1
DA:35,1
DA:36,3
DA:37,1
DA:40,1
DA:43,0
DA:49,2
DA:50,1
DA:52,1
DA:53,1
DA:56,0
DA:57,0
DA:62,1
LF:25
LH:20
BRDA:2,0,0,1
BRDA:2,0,1,2
BRDA:11,1,0,1
BRDA:11,1,1,0
BRDA:24,2,0,0
BRDA:24,2,1,1
BRDA:34,3,0,1
BRDA:34,3,1,0
BRDA:36,4,0,1
BRDA:36,4,1,2
BRDA:49,5,0,1
BRDA:49,5,1,1
BRDA:52,6,0,1
BRDA:52,6,1,0
BRF:14
BRH:10
end_of_record
